Case #1:
11111111111111111111111111111111 3 2 5 2 7 2 3 2 11
11111111111111111111111111111001 3 2 3 2 5 2 3 2 3
11111111111111111111111111110101 5 2 3 2 5 2 5 2 3
11111111111111111111111111110011 3 2 3 2 5 2 3 2 3
11111111111111111111111111101101 3 2 3 2 5 2 3 2 3
11111111111111111111111111101011 5 2 3 2 5 2 5 2 3
11111111111111111111111111100111 3 2 3 2 5 2 3 2 3
11111111111111111111111111100001 3 2 5 2 7 2 3 2 11
11111111111111111111111111011101 13 2 3 2 5 2 17 2 3
11111111111111111111111111011011 3 2 3 2 5 2 3 2 3
11111111111111111111111111010111 5 2 3 2 5 2 5 2 3
11111111111111111111111111001111 3 2 3 2 5 2 3 2 3
11111111111111111111111111001001 3 2 5 2 7 2 3 2 11
11111111111111111111111111000011 3 2 5 2 7 2 3 2 11
11111111111111111111111110111101 3 2 3 2 5 2 3 2 3
11111111111111111111111110111011 17 2 3 2 5 2 17 2 3
11111111111111111111111110110111 3 2 3 2 5 2 3 2 3
11111111111111111111111110110001 3 2 5 2 7 2 3 2 11
11111111111111111111111110101111 5 2 3 2 5 2 5 2 3
11111111111111111111111110100101 3 2 5 2 7 2 3 2 11
11111111111111111111111110011111 3 2 3 2 5 2 3 2 3
11111111111111111111111110011001 3 2 5 2 7 2 3 2 7
11111111111111111111111110010011 3 2 5 2 7 2 3 2 11
11111111111111111111111110001101 3 2 5 2 7 2 3 2 11
11111111111111111111111110000111 3 2 5 2 7 2 3 2 11
11111111111111111111111110000101 7 13 3 31 43 3 11 7 3
11111111111111111111111110000001 3 2 5 2 7 2 3 2 11
11111111111111111111111101111101 5 2 3 2 5 2 5 2 3
11111111111111111111111101111011 3 2 3 2 5 2 3 2 3
11111111111111111111111101110111 7 2 3 2 5 2 17 2 3
11111111111111111111111101101111 3 2 3 2 5 2 3 2 3
11111111111111111111111101101001 3 2 5 2 7 2 3 2 11
11111111111111111111111101100011 3 2 5 2 7 2 3 2 11
11111111111111111111111101011111 5 2 3 2 5 2 5 2 3
11111111111111111111111101001011 3 2 5 2 7 2 3 2 11
11111111111111111111111100111111 3 2 3 2 5 2 3 2 3
11111111111111111111111100111001 3 2 5 2 7 2 3 2 11
11111111111111111111111100110011 3 2 5 2 7 2 3 2 11
11111111111111111111111100110001 7 5 3 31 11 3 5 7 3
11111111111111111111111100101101 3 2 5 2 7 2 3 2 7
11111111111111111111111100100111 3 2 5 2 7 2 3 2 11
11111111111111111111111100100001 3 2 5 2 7 2 3 2 11
11111111111111111111111100011011 3 2 5 2 7 2 3 2 7
11111111111111111111111100010101 3 7 3 3 31 3 3 7 3
11111111111111111111111100001111 3 2 5 2 7 2 3 2 11
11111111111111111111111100001001 3 2 5 2 7 2 3 2 7
11111111111111111111111100000011 3 2 5 2 7 2 3 2 11
11111111111111111111111011111101 3 2 3 2 5 2 3 2 3
11111111111111111111111011111011 5 2 3 2 5 2 5 2 3
11111111111111111111111011110111 3 2 3 2 5 2 3 2 3
11111111111111111111111011110001 3 2 5 2 7 2 3 2 11
11111111111111111111111011101111 17 2 3 2 5 2 11 2 3
11111111111111111111111011101001 11 2 7 2 29 2 7 2 7
11111111111111111111111011100101 3 2 5 2 7 2 3 2 11
11111111111111111111111011011111 3 2 3 2 5 2 3 2 3
11111111111111111111111011011001 3 2 5 2 7 2 3 2 11
11111111111111111111111011010011 3 2 5 2 7 2 3 2 11
11111111111111111111111011001101 3 2 5 2 7 2 3 2 11
11111111111111111111111011000111 3 2 5 2 7 2 3 2 11
11111111111111111111111011000001 3 2 5 2 7 2 3 2 11
11111111111111111111111010111111 5 2 3 2 5 2 5 2 3
11111111111111111111111010110101 3 2 5 2 7 2 3 2 11
11111111111111111111111010100001 5 2 17 2 37 2 5 2 7
11111111111111111111111010011101 3 2 5 2 7 2 3 2 7
11111111111111111111111010010111 3 2 5 2 7 2 3 2 11
11111111111111111111111010010001 3 2 5 2 7 2 3 2 11
11111111111111111111111010001001 7 2 29 2 13 2 17 2 23
11111111111111111111111010000101 3 2 5 2 7 2 3 2 11
11111111111111111111111001111111 3 2 3 2 5 2 3 2 3
11111111111111111111111001111001 3 2 5 2 7 2 3 2 11
11111111111111111111111001110011 3 2 5 2 7 2 3 2 11
11111111111111111111111001101101 3 2 5 2 7 2 3 2 11
11111111111111111111111001101011 19 2 7 2 13 2 7 2 7
11111111111111111111111001100111 3 2 5 2 7 2 3 2 11
11111111111111111111111001100001 3 2 5 2 7 2 3 2 11
11111111111111111111111001011011 3 2 5 2 7 2 3 2 11
11111111111111111111111001001111 3 2 5 2 7 2 3 2 11
11111111111111111111111001001001 3 2 5 2 7 2 3 2 11
11111111111111111111111001000011 3 2 5 2 7 2 3 2 11
11111111111111111111111000111101 3 2 5 2 7 2 3 2 11
11111111111111111111111000110111 3 2 5 2 7 2 3 2 11
11111111111111111111111000110101 7 13 3 31 43 3 23 7 3
11111111111111111111111000110001 3 2 5 2 7 2 3 2 11
11111111111111111111111000100111 7 5 3 31 43 3 5 7 3
11111111111111111111111000100101 3 2 5 2 7 2 3 2 11
11111111111111111111111000011111 3 2 5 2 7 2 3 2 7
11111111111111111111111000011001 3 2 5 2 7 2 3 2 11
11111111111111111111111000010101 5 2 17 2 11 2 5 2 29
11111111111111111111111000010011 3 2 5 2 7 2 3 2 11
11111111111111111111111000001101 3 2 5 2 7 2 3 2 7
11111111111111111111111000001011 5 2 11 2 17 2 5 2 43
11111111111111111111111000000111 3 2 5 2 7 2 3 2 11
11111111111111111111111000000001 3 2 3 2 7 2 3 2 3
11111111111111111111110111111011 3 2 3 2 5 2 3 2 3
11111111111111111111110111110111 5 2 3 2 5 2 5 2 3
11111111111111111111110111101111 3 2 3 2 5 2 3 2 3
11111111111111111111110111101001 3 2 5 2 7 2 3 2 11
11111111111111111111110111100011 3 2 5 2 7 2 3 2 7
11111111111111111111110111100001 7 13 3 19 19 3 23 7 3
11111111111111111111110111011111 17 2 3 2 5 2 17 2 3
11111111111111111111110111001011 3 2 5 2 7 2 3 2 11
11111111111111111111110111000101 3 13 3 3 43 3 3 7 3
11111111111111111111110110111111 3 2 3 2 5 2 3 2 3
11111111111111111111110110111001 3 2 5 2 7 2 3 2 11
11111111111111111111110110110011 3 2 5 2 7 2 3 2 11
11111111111111111111110110101101 3 2 5 2 7 2 3 2 11
11111111111111111111110110101001 7 5 3 31 13 3 5 7 3
11111111111111111111110110100111 3 2 5 2 7 2 3 2 11
11111111111111111111110110100001 3 2 5 2 7 2 3 2 11
11111111111111111111110110011011 3 2 5 2 7 2 3 2 11
11111111111111111111110110001111 3 2 5 2 7 2 3 2 11
11111111111111111111110110001001 3 2 5 2 7 2 3 2 11
11111111111111111111110110000011 3 2 5 2 7 2 3 2 11
11111111111111111111110101111111 5 2 3 2 5 2 5 2 3
11111111111111111111110101110101 5 2 17 2 37 2 5 2 7
11111111111111111111110101110001 3 13 3 3 43 3 3 7 3
11111111111111111111110101101011 3 2 5 2 7 2 3 2 11
11111111111111111111110101100101 3 17 3 3 23 3 3 17 3
11111111111111111111110101100001 5 2 13 2 37 2 5 2 29
11111111111111111111110101000111 3 13 3 3 43 3 3 7 3
11111111111111111111110101000011 5 2 17 2 37 2 5 2 13
11111111111111111111110100111011 3 2 5 2 7 2 3 2 11
11111111111111111111110100110011 31 5 3 23 13 3 5 19 3
11111111111111111111110100101111 3 2 5 2 7 2 3 2 11
11111111111111111111110100101011 7 13 3 31 43 3 43 7 3
11111111111111111111110100101001 3 2 5 2 7 2 3 2 11
11111111111111111111110100100011 3 2 5 2 7 2 3 2 11
11111111111111111111110100011101 3 5 3 3 31 3 3 7 3
11111111111111111111110100001011 3 2 5 2 7 2 3 2 11
11111111111111111111110100000111 5 2 17 2 37 2 5 2 7
11111111111111111111110011111111 3 2 3 2 5 2 3 2 3
11111111111111111111110011111001 3 2 5 2 7 2 3 2 11
11111111111111111111110011110011 3 2 5 2 7 2 3 2 11
11111111111111111111110011101101 3 2 5 2 7 2 3 2 11
11111111111111111111110011100111 3 2 5 2 7 2 3 2 7
11111111111111111111110011100101 7 5 3 31 43 3 5 7 3
11111111111111111111110011100001 3 2 5 2 7 2 3 2 11
11111111111111111111110011011011 3 2 5 2 7 2 3 2 11
11111111111111111111110011010101 3 29 3 3 11 3 3 11 3
11111111111111111111110011001111 3 2 5 2 7 2 3 2 11
11111111111111111111110011001001 3 2 5 2 7 2 3 2 11
11111111111111111111110011000011 3 2 5 2 7 2 3 2 7
11111111111111111111110010111101 3 2 5 2 7 2 3 2 11
11111111111111111111110010110111 3 2 5 2 7 2 3 2 11
11111111111111111111110010110001 3 2 5 2 7 2 3 2 11
11111111111111111111110010101101 5 13 3 31 43 3 29 7 3
11111111111111111111110010100101 3 2 5 2 7 2 3 2 11
11111111111111111111110010100011 5 2 17 2 37 2 5 2 41
11111111111111111111110010011111 3 2 5 2 7 2 3 2 11
11111111111111111111110010011001 3 2 5 2 7 2 3 2 11
11111111111111111111110010010011 3 2 5 2 7 2 3 2 11
11111111111111111111110010001101 3 2 5 2 7 2 3 2 11
11111111111111111111110010000111 3 2 5 2 7 2 3 2 11
11111111111111111111110010000001 3 2 3 2 7 2 3 2 3
11111111111111111111110001111011 3 2 5 2 7 2 3 2 11
11111111111111111111110001110101 3 11 3 3 13 3 3 7 3
11111111111111111111110001101111 3 2 5 2 7 2 3 2 11
11111111111111111111110001101001 3 2 5 2 7 2 3 2 11
11111111111111111111110001100011 3 2 5 2 7 2 3 2 11
11111111111111111111110001001111 13 5 3 7 19 3 5 29 3
11111111111111111111110001001011 3 2 5 2 7 2 3 2 11
11111111111111111111110001000111 17 2 23 2 11 2 17 2 13
11111111111111111111110000111111 3 2 5 2 7 2 3 2 11
11111111111111111111110000111001 3 2 5 2 7 2 3 2 11
11111111111111111111110000110101 5 2 17 2 37 2 5 2 23
11111111111111111111110000110011 3 2 5 2 7 2 3 2 11
11111111111111111111110000101111 7 13 3 31 41 3 37 7 3
11111111111111111111110000101101 3 2 5 2 7 2 3 2 11
11111111111111111111110000101011 5 2 17 2 37 2 5 2 7
11111111111111111111110000100111 3 2 5 2 7 2 3 2 11
11111111111111111111110000100001 3 2 3 2 7 2 3 2 3
11111111111111111111110000011011 3 2 5 2 7 2 3 2 11
11111111111111111111110000001111 3 2 5 2 7 2 3 2 11
11111111111111111111110000001001 3 2 3 2 7 2 3 2 3
11111111111111111111110000000011 3 2 3 2 7 2 3 2 3
11111111111111111111101111111101 3 2 3 2 5 2 3 2 3
11111111111111111111101111110111 3 2 3 2 5 2 3 2 3
11111111111111111111101111110001 3 2 5 2 7 2 3 2 11
11111111111111111111101111101111 5 2 3 2 5 2 5 2 3
11111111111111111111101111100101 3 2 5 2 7 2 3 2 11
11111111111111111111101111011111 3 2 3 2 5 2 3 2 3
11111111111111111111101111011001 3 2 5 2 7 2 3 2 11
11111111111111111111101111010011 3 2 5 2 7 2 3 2 11
11111111111111111111101111001101 3 2 5 2 7 2 3 2 11
11111111111111111111101111000111 3 2 5 2 7 2 3 2 11
11111111111111111111101111000001 3 2 5 2 7 2 3 2 11
11111111111111111111101110111111 7 2 3 2 5 2 17 2 3
11111111111111111111101110110101 3 2 5 2 7 2 3 2 11
11111111111111111111101110100011 3 5 3 3 43 3 3 7 3
11111111111111111111101110011101 3 2 5 2 7 2 3 2 11
11111111111111111111101110010111 3 2 5 2 7 2 3 2 11
11111111111111111111101110010101 5 13 3 31 11 3 43 7 3
11111111111111111111101110010001 3 2 5 2 7 2 3 2 11
11111111111111111111101110000101 3 2 5 2 7 2 3 2 11
11111111111111111111101110000001 5 7 11 11 5 5 23 11 7
11111111111111111111101101111111 3 2 3 2 5 2 3 2 3
11111111111111111111101101111001 3 2 5 2 7 2 3 2 11
11111111111111111111101101110011 3 2 5 2 7 2 3 2 11
11111111111111111111101101101101 3 2 5 2 7 2 3 2 11
11111111111111111111101101100111 3 2 5 2 7 2 3 2 11
11111111111111111111101101100001 3 2 5 2 7 2 3 2 11
11111111111111111111101101011011 3 2 5 2 7 2 3 2 11
11111111111111111111101101001111 3 2 5 2 7 2 3 2 11
11111111111111111111101101001001 3 2 5 2 7 2 3 2 11
11111111111111111111101101000101 5 2 7 2 37 2 5 2 7
11111111111111111111101101000011 3 2 5 2 7 2 3 2 11
11111111111111111111101100111101 3 2 5 2 7 2 3 2 7
11111111111111111111101100110111 3 2 5 2 7 2 3 2 11
11111111111111111111101100110001 3 2 5 2 7 2 3 2 11
11111111111111111111101100100101 3 2 5 2 7 2 3 2 11
11111111111111111111101100011111 3 2 5 2 7 2 3 2 11
11111111111111111111101100011001 3 2 5 2 7 2 3 2 7
11111111111111111111101100010111 7 5 3 31 29 3 5 7 3
11111111111111111111101100010011 3 2 5 2 7 2 3 2 11
11111111111111111111101100001101 3 2 5 2 7 2 3 2 11
11111111111111111111101100000111 3 2 5 2 7 2 3 2 11
11111111111111111111101100000001 3 2 3 2 7 2 3 2 3
11111111111111111111101011111111 5 2 3 2 5 2 5 2 3
11111111111111111111101011110101 3 2 5 2 7 2 3 2 11
11111111111111111111101011101011 5 2 7 2 37 2 5 2 13
11111111111111111111101011011101 3 2 5 2 7 2 3 2 11
11111111111111111111101011010111 3 2 5 2 7 2 3 2 11
11111111111111111111101011010001 3 2 5 2 7 2 3 2 11
11111111111111111111101011000101 3 2 5 2 7 2 3 2 11
11111111111111111111101010101111 5 2 17 2 23 2 5 2 7
11111111111111111111101010100111 3 13 3 3 43 3 3 7 3
11111111111111111111101010100101 5 2 17 2 13 2 5 2 19
11111111111111111111101010010101 3 2 5 2 7 2 3 2 11
11111111111111111111101010000111 5 2 11 2 37 2 5 2 17
11111111111111111111101001111101 3 2 5 2 7 2 3 2 11
11111111111111111111101001110111 3 2 5 2 7 2 3 2 11
11111111111111111111101001110001 3 2 5 2 7 2 3 2 11
11111111111111111111101001101001 5 2 11 2 37 2 5 2 7
11111111111111111111101001100101 3 2 5 2 7 2 3 2 11
11111111111111111111101001011111 3 2 5 2 7 2 3 2 11
11111111111111111111101001011001 3 2 5 2 7 2 3 2 11
11111111111111111111101001010011 3 2 5 2 7 2 3 2 11
11111111111111111111101001001101 3 2 5 2 7 2 3 2 11
11111111111111111111101001000111 3 2 5 2 7 2 3 2 11
11111111111111111111101001000001 3 2 3 2 7 2 3 2 3
11111111111111111111101000110101 3 2 5 2 7 2 3 2 11
11111111111111111111101000011101 3 2 5 2 7 2 3 2 7
11111111111111111111101000010111 3 2 5 2 7 2 3 2 11
11111111111111111111101000010001 3 2 3 2 7 2 3 2 3
11111111111111111111101000000101 3 2 3 2 7 2 3 2 3
11111111111111111111100111111111 3 2 3 2 5 2 3 2 3
11111111111111111111100111111001 3 2 5 2 7 2 3 2 11
11111111111111111111100111110011 3 2 5 2 7 2 3 2 7
11111111111111111111100111110001 5 13 3 31 43 3 11 7 3
11111111111111111111100111101101 3 2 5 2 7 2 3 2 11
11111111111111111111100111100111 3 2 5 2 7 2 3 2 11
11111111111111111111100111100001 3 2 5 2 7 2 3 2 7
11111111111111111111100111011011 3 2 5 2 7 2 3 2 11
11111111111111111111100111010101 3 5 3 3 17 3 3 7 3
11111111111111111111100111001111 3 2 5 2 7 2 3 2 11
11111111111111111111100111001001 3 2 5 2 7 2 3 2 11
11111111111111111111100111000011 3 2 5 2 7 2 3 2 11
11111111111111111111100110111101 3 2 5 2 7 2 3 2 11
11111111111111111111100110111001 7 13 3 31 43 3 13 7 3
11111111111111111111100110110111 3 2 5 2 7 2 3 2 11
11111111111111111111100110110001 3 2 5 2 7 2 3 2 11
11111111111111111111100110101011 3 13 3 3 43 3 3 7 3
11111111111111111111100110100101 3 2 5 2 7 2 3 2 11
11111111111111111111100110011111 3 2 5 2 7 2 3 2 11
11111111111111111111100110011001 3 2 5 2 7 2 3 2 11
11111111111111111111100110010011 3 2 5 2 7 2 3 2 11
11111111111111111111100110001111 7 5 3 31 23 3 5 7 3
11111111111111111111100110001101 3 2 5 2 7 2 3 2 11
11111111111111111111100110000111 3 2 5 2 7 2 3 2 11
11111111111111111111100110000001 3 2 3 2 7 2 3 2 3
11111111111111111111100101111011 3 2 5 2 7 2 3 2 11
11111111111111111111100101110111 13 2 19 2 11 2 7 2 13
11111111111111111111100101110011 7 5 3 31 43 3 5 7 3
11111111111111111111100101101111 3 2 5 2 7 2 3 2 11
11111111111111111111100101101001 3 2 5 2 7 2 3 2 11
11111111111111111111100101100101 5 2 17 2 37 2 5 2 13
11111111111111111111100101100011 3 2 5 2 7 2 3 2 7
11111111111111111111100101010111 3 13 3 3 43 3 3 7 3
11111111111111111111100101001011 3 2 5 2 7 2 3 2 11
11111111111111111111100100111111 3 2 5 2 7 2 3 2 11
11111111111111111111100100111001 3 2 5 2 7 2 3 2 11
11111111111111111111100100110011 3 2 5 2 7 2 3 2 11
11111111111111111111100100101101 3 2 5 2 7 2 3 2 11
11111111111111111111100100100111 3 2 5 2 7 2 3 2 11
11111111111111111111100100100001 3 2 3 2 7 2 3 2 3
11111111111111111111100100011011 3 2 5 2 7 2 3 2 11
11111111111111111111100100010101 3 11 11 3 5 5 3 11 41
11111111111111111111100100010001 7 2 3 2 23 2 5 2 3
11111111111111111111100100001111 3 2 5 2 7 2 3 2 11
11111111111111111111100100001001 3 2 3 2 7 2 3 2 3
11111111111111111111100100000011 3 2 3 2 7 2 3 2 3
11111111111111111111100011111101 3 2 5 2 7 2 3 2 11
11111111111111111111100011110111 3 2 5 2 7 2 3 2 7
11111111111111111111100011110001 3 2 5 2 7 2 3 2 11
11111111111111111111100011101011 3 7 3 3 41 3 3 23 3
11111111111111111111100011100101 3 2 5 2 7 2 3 2 7
11111111111111111111100011011111 3 2 5 2 7 2 3 2 11
11111111111111111111100011011001 3 2 5 2 7 2 3 2 11
11111111111111111111100011010011 3 2 5 2 7 2 3 2 7
11111111111111111111100011001101 3 2 5 2 7 2 3 2 11
11111111111111111111100011000111 3 2 5 2 7 2 3 2 11
11111111111111111111100011000001 3 2 3 2 7 2 3 2 3
11111111111111111111100010111111 37 2 41 2 29 2 7 2 17
11111111111111111111100010111101 7 5 3 31 11 3 5 7 3
11111111111111111111100010110101 3 2 5 2 7 2 3 2 11
11111111111111111111100010101111 3 13 3 3 43 3 3 7 3
11111111111111111111100010100001 7 2 3 2 43 2 29 2 3
11111111111111111111100010011101 3 2 5 2 7 2 3 2 11
11111111111111111111100010011001 31 11 11 11 5 23 31 11 41
11111111111111111111100010010111 3 2 5 2 7 2 3 2 11
11111111111111111111100010010001 3 2 3 2 7 2 3 2 3
11111111111111111111100010000101 3 2 3 2 7 2 3 2 3
11111111111111111111100001111111 3 2 5 2 7 2 3 2 11
11111111111111111111100001111001 3 2 5 2 7 2 3 2 11
11111111111111111111100001110101 5 2 13 2 37 2 5 2 31
11111111111111111111100001110011 3 2 5 2 7 2 3 2 11
11111111111111111111100001101101 3 2 5 2 7 2 3 2 11
11111111111111111111100001100111 3 2 5 2 7 2 3 2 7
11111111111111111111100001100001 3 2 3 2 7 2 3 2 3
11111111111111111111100001011011 3 2 5 2 7 2 3 2 11
11111111111111111111100001010111 5 2 17 2 13 2 5 2 13
11111111111111111111100001001111 3 2 5 2 7 2 3 2 11
11111111111111111111100001001001 3 2 3 2 7 2 3 2 3
11111111111111111111100001000011 3 2 3 2 7 2 3 2 3
11111111111111111111100000111101 3 2 5 2 7 2 3 2 11
11111111111111111111100000110111 3 2 5 2 7 2 3 2 11
11111111111111111111100000110001 3 2 3 2 7 2 3 2 3
11111111111111111111100000100101 3 2 3 2 7 2 3 2 3
11111111111111111111100000011111 3 2 5 2 7 2 3 2 11
11111111111111111111100000011101 31 5 11 11 5 37 5 11 41
11111111111111111111100000011001 3 2 3 2 7 2 3 2 3
11111111111111111111100000010101 7 2 3 2 43 2 11 2 3
11111111111111111111100000010011 3 2 3 2 7 2 3 2 3
11111111111111111111100000001101 3 2 3 2 7 2 3 2 3
11111111111111111111100000000111 3 2 3 2 7 2 3 2 3
11111111111111111111100000000001 3 2 5 2 7 2 3 2 11
11111111111111111111011111111101 5 2 3 2 5 2 5 2 3
11111111111111111111011111111011 3 2 3 2 5 2 3 2 3
11111111111111111111011111101111 3 2 3 2 5 2 3 2 3
11111111111111111111011111101001 3 2 5 2 7 2 3 2 11
11111111111111111111011111100011 3 2 5 2 7 2 3 2 11
11111111111111111111011111011111 5 2 3 2 5 2 5 2 3
11111111111111111111011111001011 3 2 5 2 7 2 3 2 11
11111111111111111111011111000001 5 2 17 2 37 2 5 2 7
11111111111111111111011110111111 3 2 3 2 5 2 3 2 3
11111111111111111111011110111001 3 2 5 2 7 2 3 2 7
11111111111111111111011110110011 3 2 5 2 7 2 3 2 11
11111111111111111111011110101101 3 2 5 2 7 2 3 2 11
11111111111111111111011110100111 3 2 5 2 7 2 3 2 11
11111111111111111111011110100001 3 2 5 2 7 2 3 2 11
11111111111111111111011110011011 3 2 5 2 7 2 3 2 11
11111111111111111111011110010101 3 11 3 3 29 3 3 17 3
11111111111111111111011110001111 3 2 5 2 7 2 3 2 11
11111111111111111111011110001001 3 2 5 2 7 2 3 2 11
11111111111111111111011110000101 5 2 17 2 37 2 5 2 23
11111111111111111111011110000011 3 2 5 2 7 2 3 2 11
11111111111111111111011101111111 17 2 3 2 5 2 17 2 3
11111111111111111111011101101011 3 2 5 2 7 2 3 2 11
11111111111111111111011101000111 3 5 3 3 11 3 3 29 3
11111111111111111111011100111011 3 2 5 2 7 2 3 2 7
11111111111111111111011100110101 3 7 3 3 31 3 3 7 3
11111111111111111111011100101111 3 2 5 2 7 2 3 2 11
11111111111111111111011100101001 3 2 5 2 7 2 3 2 7
11111111111111111111011100100111 7 13 3 31 43 3 47 7 3
11111111111111111111011100100011 3 2 5 2 7 2 3 2 11
11111111111111111111011100001011 3 2 5 2 7 2 3 2 11
11111111111111111111011011111111 3 2 3 2 5 2 3 2 3
11111111111111111111011011111001 3 2 5 2 7 2 3 2 11
11111111111111111111011011110011 3 2 5 2 7 2 3 2 11
11111111111111111111011011101101 3 2 5 2 7 2 3 2 11
11111111111111111111011011100111 3 2 5 2 7 2 3 2 11
11111111111111111111011011100001 3 2 5 2 7 2 3 2 11
11111111111111111111011011011011 3 2 5 2 7 2 3 2 11
11111111111111111111011011001111 3 2 5 2 7 2 3 2 11
11111111111111111111011011001001 3 2 5 2 7 2 3 2 11
11111111111111111111011011000011 3 2 5 2 7 2 3 2 11
11111111111111111111011010111101 3 2 5 2 7 2 3 2 7
11111111111111111111011010110111 3 2 5 2 7 2 3 2 11
11111111111111111111011010110001 3 2 5 2 7 2 3 2 11
11111111111111111111011010101001 5 2 17 2 37 2 5 2 29
11111111111111111111011010100101 3 2 5 2 7 2 3 2 11
11111111111111111111011010011111 3 2 5 2 7 2 3 2 11
11111111111111111111011010011001 3 2 5 2 7 2 3 2 7
11111111111111111111011010010011 3 2 5 2 7 2 3 2 11
11111111111111111111011010001101 3 2 5 2 7 2 3 2 11
11111111111111111111011010000111 3 2 5 2 7 2 3 2 11
11111111111111111111011010000001 3 2 3 2 7 2 3 2 3
11111111111111111111011001111011 3 2 5 2 7 2 3 2 11
11111111111111111111011001101111 3 2 5 2 7 2 3 2 11
11111111111111111111011001101001 3 2 5 2 7 2 3 2 11
11111111111111111111011001100011 3 2 5 2 7 2 3 2 11
11111111111111111111011001010111 3 5 3 3 19 3 3 43 3
11111111111111111111011001001011 3 2 5 2 7 2 3 2 11
11111111111111111111011001000101 3 19 7 3 5 5 3 29 47
11111111111111111111011000111111 3 2 5 2 7 2 3 2 7
11111111111111111111011000111001 3 2 5 2 7 2 3 2 11
11111111111111111111011000110011 3 2 5 2 7 2 3 2 11
11111111111111111111011000101101 3 2 5 2 7 2 3 2 7
11111111111111111111011000100111 3 2 5 2 7 2 3 2 11
11111111111111111111011000100001 3 2 3 2 7 2 3 2 3
11111111111111111111011000011011 3 2 5 2 7 2 3 2 7
11111111111111111111011000010101 3 7 13 3 5 43 3 47 7
11111111111111111111011000001111 3 2 5 2 7 2 3 2 11
11111111111111111111011000001001 3 2 3 2 7 2 3 2 3
11111111111111111111011000000011 3 2 3 2 7 2 3 2 3
11111111111111111111010111111111 5 2 3 2 5 2 5 2 3
11111111111111111111010111110101 5 2 17 2 17 2 5 2 17
11111111111111111111010111101011 3 2 5 2 7 2 3 2 11
11111111111111111111010111100101 3 13 3 3 19 3 3 7 3
11111111111111111111010111100001 5 2 17 2 37 2 5 2 13
11111111111111111111010110111011 3 2 5 2 7 2 3 2 11
11111111111111111111010110101111 3 2 5 2 7 2 3 2 11
11111111111111111111010110101001 3 2 5 2 7 2 3 2 11
11111111111111111111010110100101 5 2 11 2 37 2 5 2 7
11111111111111111111010110100011 3 2 5 2 7 2 3 2 11
11111111111111111111010110001011 3 2 5 2 7 2 3 2 11
11111111111111111111010101110101 7 13 3 31 11 3 11 5 3
11111111111111111111010101100111 3 5 3 3 43 3 3 7 3
11111111111111111111010101011011 3 11 3 3 11 3 3 31 3
11111111111111111111010101001011 5 2 17 2 37 2 5 2 7
11111111111111111111010101000001 5 2 3 2 11 2 5 2 3
11111111111111111111010100111101 3 7 3 3 31 3 3 7 3
11111111111111111111010100101011 3 2 5 2 7 2 3 2 11
11111111111111111111010100100001 7 2 3 2 13 2 17 2 3
11111111111111111111010100010001 19 2 3 2 19 2 11 2 3
11111111111111111111010100001111 5 2 17 2 11 2 5 2 17
11111111111111111111010100000101 5 2 3 2 37 2 5 2 3
11111111111111111111010011111011 3 2 5 2 7 2 3 2 11
11111111111111111111010011101111 3 2 5 2 7 2 3 2 11
11111111111111111111010011101001 3 2 5 2 7 2 3 2 11
11111111111111111111010011100011 3 2 5 2 7 2 3 2 7
11111111111111111111010011010011 5 2 17 2 37 2 5 2 13
11111111111111111111010011001011 3 2 5 2 7 2 3 2 11
11111111111111111111010010111111 3 2 5 2 7 2 3 2 11
11111111111111111111010010111001 3 2 5 2 7 2 3 2 11
11111111111111111111010010110011 3 2 5 2 7 2 3 2 11
11111111111111111111010010101101 3 2 5 2 7 2 3 2 11
11111111111111111111010010100111 3 2 5 2 7 2 3 2 11
11111111111111111111010010100001 3 2 3 2 7 2 3 2 3
11111111111111111111010010011011 3 2 5 2 7 2 3 2 11
11111111111111111111010010010111 5 2 17 2 37 2 5 2 7
11111111111111111111010010001111 3 2 5 2 7 2 3 2 11
11111111111111111111010010001001 3 2 3 2 7 2 3 2 3
11111111111111111111010010000011 3 2 3 2 7 2 3 2 3
11111111111111111111010001101011 3 2 5 2 7 2 3 2 11
11111111111111111111010001010001 5 2 3 2 37 2 5 2 3
11111111111111111111010000111011 3 2 5 2 7 2 3 2 11
11111111111111111111010000101111 3 2 5 2 7 2 3 2 11
11111111111111111111010000101001 3 2 3 2 7 2 3 2 3
11111111111111111111010000100011 3 2 3 2 7 2 3 2 3
11111111111111111111010000010101 5 2 3 2 37 2 5 2 3
11111111111111111111010000001011 3 2 3 2 7 2 3 2 3
11111111111111111111010000000111 19 2 3 2 11 2 29 2 3
11111111111111111111001111111111 3 2 3 2 5 2 3 2 3
11111111111111111111001111111001 3 2 5 2 7 2 3 2 11
11111111111111111111001111110011 3 2 5 2 7 2 3 2 11
11111111111111111111001111101101 3 2 5 2 7 2 3 2 11
11111111111111111111001111100111 3 2 5 2 7 2 3 2 11
11111111111111111111001111100001 3 2 5 2 7 2 3 2 11
11111111111111111111001111011011 3 2 5 2 7 2 3 2 11
11111111111111111111001111001111 3 2 5 2 7 2 3 2 7
11111111111111111111001111001001 3 2 5 2 7 2 3 2 11
11111111111111111111001111000011 3 2 5 2 7 2 3 2 11
11111111111111111111001111000001 31 11 7 11 5 13 31 11 41
11111111111111111111001110111101 3 2 5 2 7 2 3 2 11
11111111111111111111001110110111 3 2 5 2 7 2 3 2 11
11111111111111111111001110110101 7 5 3 31 43 3 5 7 3
11111111111111111111001110110001 3 2 5 2 7 2 3 2 11
11111111111111111111001110100101 3 2 5 2 7 2 3 2 11
11111111111111111111001110011111 3 2 5 2 7 2 3 2 11
11111111111111111111001110011001 3 2 5 2 7 2 3 2 11
11111111111111111111001110010011 3 2 5 2 7 2 3 2 11
11111111111111111111001110001101 3 2 5 2 7 2 3 2 11
11111111111111111111001110000111 3 2 5 2 7 2 3 2 7
11111111111111111111001110000001 3 2 3 2 7 2 3 2 3
11111111111111111111001101111011 3 2 5 2 7 2 3 2 11
11111111111111111111001101101111 3 2 5 2 7 2 3 2 11
11111111111111111111001101101001 3 2 5 2 7 2 3 2 11
11111111111111111111001101100011 3 2 5 2 7 2 3 2 11
11111111111111111111001101001101 5 2 17 2 11 2 5 2 29
11111111111111111111001101001011 3 2 5 2 7 2 3 2 11
11111111111111111111001101000101 3 11 11 3 5 23 3 7 41
11111111111111111111001100111111 3 2 5 2 7 2 3 2 11
11111111111111111111001100111001 3 2 5 2 7 2 3 2 7
11111111111111111111001100110111 7 13 3 31 13 3 11 7 3
11111111111111111111001100110011 3 2 5 2 7 2 3 2 11
11111111111111111111001100101101 3 2 5 2 7 2 3 2 11
11111111111111111111001100100111 3 2 5 2 7 2 3 2 11
11111111111111111111001100100001 3 2 3 2 7 2 3 2 3
11111111111111111111001100011011 3 2 5 2 7 2 3 2 11
11111111111111111111001100001111 3 2 5 2 7 2 3 2 11
11111111111111111111001100001001 3 2 3 2 7 2 3 2 3
11111111111111111111001100000111 5 11 11 11 5 5 31 11 13
11111111111111111111001100000011 3 2 3 2 7 2 3 2 3
11111111111111111111001011111101 3 2 5 2 7 2 3 2 11
11111111111111111111001011110111 3 2 5 2 7 2 3 2 11
11111111111111111111001011110001 3 2 5 2 7 2 3 2 11
11111111111111111111001011101001 5 2 17 2 11 2 5 2 31
11111111111111111111001011100101 3 2 5 2 7 2 3 2 11
11111111111111111111001011011111 3 2 5 2 7 2 3 2 11
