Case #1:
1111111111111111 3 2 5 2 7 2 3 2 11
1111111111111001 3 2 5 2 7 2 3 2 7
1111111111110011 3 2 5 2 7 2 3 2 11
1111111111101101 3 2 5 2 7 2 3 2 11
1111111111100111 3 2 5 2 7 2 3 2 11
1111111111100001 3 2 3 2 7 2 3 2 3
1111111111011111 31 7 3 11 5 3 31 11 3
1111111111011011 3 2 5 2 7 2 3 2 11
1111111111001111 3 2 5 2 7 2 3 2 11
1111111111001001 3 2 3 2 7 2 3 2 3
1111111111000011 3 2 3 2 7 2 3 2 3
1111111110111101 3 2 5 2 7 2 3 2 11
1111111110110111 3 2 5 2 7 2 3 2 11
1111111110110001 3 2 3 2 7 2 3 2 3
1111111110101111 5 2 17 2 11 2 5 2 7
1111111110100101 3 2 3 2 7 2 3 2 3
1111111110011111 3 2 5 2 7 2 3 2 11
1111111110011001 3 2 3 2 7 2 3 2 3
1111111110010101 7 2 3 2 43 2 11 2 3
1111111110010011 3 2 3 2 7 2 3 2 3
1111111110001101 3 2 3 2 7 2 3 2 3
1111111110000111 3 2 3 2 7 2 3 2 3
1111111110000001 3 2 5 2 5 2 3 2 11
1111111101111011 3 2 5 2 7 2 3 2 7
1111111101101111 3 2 5 2 7 2 3 2 11
1111111101101001 3 2 3 2 7 2 3 2 3
1111111101100011 3 2 3 2 7 2 3 2 3
1111111101010101 5 2 3 2 37 2 5 2 3
1111111101001011 3 2 3 2 7 2 3 2 3
1111111101000001 5 2 17 2 5 2 5 2 19
1111111100111111 3 2 5 2 7 2 3 2 11
1111111100111001 3 2 3 2 7 2 3 2 3
1111111100110011 3 2 3 2 7 2 3 2 3
1111111100101101 3 2 3 2 7 2 3 2 3
1111111100100111 3 2 3 2 7 2 3 2 3
1111111100100001 3 2 5 2 5 2 3 2 7
1111111100011011 3 2 3 2 7 2 3 2 3
1111111100001111 3 2 3 2 7 2 3 2 3
1111111100001001 3 2 5 2 5 2 3 2 11
1111111100000011 3 2 5 2 5 2 3 2 11
1111111011111101 3 2 5 2 7 2 3 2 7
1111111011110111 3 2 5 2 7 2 3 2 11
1111111011110001 3 2 3 2 7 2 3 2 3
1111111011101111 11 2 11 2 13 2 7 2 31
1111111011100101 3 2 3 2 7 2 3 2 3
1111111011011111 3 2 5 2 7 2 3 2 11
1111111011011001 3 2 3 2 7 2 3 2 3
1111111011010011 3 2 3 2 7 2 3 2 3
1111111011001101 3 2 3 2 7 2 3 2 3
1111111011000111 3 2 3 2 7 2 3 2 3
