Case #1: 2
Case #2: 1
Case #3: IMPOSSIBLE
Case #4: 1 2
Case #5: 2 3
Case #6: IMPOSSIBLE
Case #7: IMPOSSIBLE
Case #8: 1866
Case #9: IMPOSSIBLE
Case #10: 102030405060709 91011121314151618 181920212223242527 272829303132333436 363738394041424345 454647484950515254 545556575859606163 636465666768697072 727374757677787981 818283848586878890 909192939495969799 100
Case #11: 1
Case #12: IMPOSSIBLE
Case #13: 1
Case #14: IMPOSSIBLE
Case #15: 1 2 3 4
Case #16: IMPOSSIBLE
Case #17: 49357525892312 17423206639985905 34797055754079498
Case #18: 11252971013 4152346303493 8293439635973 12434532968453 16575626300933 440781268796
Case #19: IMPOSSIBLE
Case #20: 2057 115162 132
Case #21: 2
Case #22: IMPOSSIBLE
Case #23: IMPOSSIBLE
Case #24: 222033484167159 69496480544320599 18198
Case #25: 1
Case #26: 28
Case #27: 1 2 3 4 5 6 7 8 9 10 11 12 13 14 15 16 17 18 19 20 21 22 23 24 25 26 27 28 29 30 31 32 33 34 35 36 37 38 39 40 41 42 43 44 45 46 47 48 49 50 51 52 53 54 55 56 57 58 59 60 61 62 63 64 65 66 67 68 69 70 71 72 73 74 75 76 77 78 79 80 81 82 83 84 85 86 87 88 89 90 91 92 93 94 95 96 97 98 99 100
Case #28: 641292648260959 750094706746
Case #29: 1
Case #30: IMPOSSIBLE
Case #31: 268822560488 170164680788336 340060539016184 509956397244032 679852255471880 849748113699728 1019643971927576 1189539830155424 1359435688383272 1529331546611120
Case #32: 1 2 3 4 5 6 7 8 9 10 11 12 13 14 15 16 17 18 19 20 21 22 23 24 25 26 27 28 29
Case #33: 44554 3519724 182
Case #34: IMPOSSIBLE
Case #35: 1 2 3
Case #36: 451294366333507 152086201454391667 17607147
Case #37: IMPOSSIBLE
Case #38: 4289136 1136620812 2268952488 3401284164 4533615840 5665947516 6798279192 87030
Case #39: IMPOSSIBLE
Case #40: 2
Case #41: IMPOSSIBLE
Case #42: 6
Case #43: 6
Case #44: IMPOSSIBLE
Case #45: 83520032329626 31320012123609497 62556504214889368 1190
Case #46: 95315 21064420 42033525 63002630 83971735 104940840 125909945 146879050 167848155
Case #47: 1
Case #48: 875180870876167 315940294386296071 22040660860
Case #49: 6379765672 4025632138451 8044884511230 12064136884009 16083389256788 20102641629567 24121894002346 28141146375125 32160398747904 36179651120683 40198903493462 44218155866241 48237408239020
Case #50: 1
Case #51: 10204 4050608 8091012 12131416 16171820 20212224 24252628 28293032 32333436 36373840 40414244 44454648 48495052 52535456 56575860 60616264 64656668 68697072 72737476 76777880 80818284 84858688 88899092 92939496 96979900
Case #52: 23609 3210714 6397819 9584924 12772029 20356
Case #53: 1235 56790
Case #54: 123456790
Case #55: 2
Case #56: IMPOSSIBLE
Case #57: IMPOSSIBLE
Case #58: IMPOSSIBLE
Case #59: IMPOSSIBLE
Case #60: 1 2 3 4 5 6 7 8 9 10 11 12 13 14 15 16 17 18 19 20 21 22 23 24 25 26 27 28 29 30 31 32 33 34 35 36 37 38 39 40 41 42 43 44 45 46 47 48 49 50 51 52 53 54 55 56 57 58 59 60 61 62 63 64 65 66 67 68 69 70 71 72 73 74 75 76 77 78 79 80 81 82 83 84 85 86 87
Case #61: 35616251531027 27282048672765998 54528481094000969 81774913515235940 109021345936470911 136267778357705882 163514210778940853 190760643200175824 218007075621410795 4483543866
Case #62: 2 204 406 608 810 1012 1214 1416 1618 1820 2022 2224 2426 2628 2830 3032 3234 3436 3638 3840 4042 4244 4446 4648 4850 5052 5254 5456 5658 5860 6062 6264 6466 6668 6870 7072 7274 7476 7678 7880 8082 8284 8486 8688 8890 9092 9294 9496 9698 9900
Case #63: 13299 1476104 2938909 4401714 11086
Case #64: IMPOSSIBLE
Case #65: 2 12
Case #66: 6
Case #67: IMPOSSIBLE
Case #68: 103 30406 60709 91012 121315 151618 181921 212224 242527 272830 303133 333436 363739 394042 424345 454648 484951 515254 545557 575860 606163 636466 666769 697072 727375 757678 787981 818284 848587 878890 909193 939496 969799 100
Case #69: 38607917015013 29921135686634382 59803663456253751 89686191225873120 119568718995492489 149451246765111858 179333774534731227 209216302304350596 239098830073969965 408474005196
Case #70: IMPOSSIBLE
Case #71: 28
Case #72: IMPOSSIBLE
Case #73: IMPOSSIBLE
Case #74: IMPOSSIBLE
Case #75: IMPOSSIBLE
Case #76: 1
Case #77: IMPOSSIBLE
Case #78: 1
Case #79: 2 3
Case #80: 4228 1069448 2134668 3199888 4265108 5330328 6395548 7460768 8525988 9591208 10656428 11721648 12786868 13852088 14917308 15982528
Case #81: 1
Case #82: 84 20013 39942 59871 79800 99729 119658 139587 159516 179445 199374 219303 239232 259161 279090 299019 318948 338877 358806 378735 398664 418593 438522 458451 478380 498309 518238
Case #83: IMPOSSIBLE
Case #84: IMPOSSIBLE
Case #85: 7 4
Case #86: IMPOSSIBLE
Case #87: IMPOSSIBLE
Case #88: 6053445
Case #89: 1729768957 837208174754 1672686580551 2508164986348 3343643392145 4179121797942 5014600203739 5850078609536 6685557015333 7521035421130
Case #90: 623749 57384866
Case #91: 137144161 39497518130 78857892099 118218266068 157578640037 196939014006
Case #92: 10596382 1790788439 3570980496 342475
Case #93: 2 118 234 350 466 582 698 814 930 1046 1162 1278 1394 1510 1626 1742 1858 1974 2090 2206 2322 2438 2554 2670 2786 2902 3018 3134 57
Case #94: 1
Case #95: 6
Case #96: IMPOSSIBLE
Case #97: 1
Case #98: 2
Case #99: IMPOSSIBLE
Case #100: IMPOSSIBLE
