Case #1: 2
Case #2: 1
Case #3: 1 2
Case #4: 2 3
Case #5: 6
Case #6: 619754707328 451801181641448 902982608575568 1354164035509688 1805345462443808 2256526889377928 2707708316312048 3158889743246168 3610071170180288 4061252597114408 4512434024048528 69286212
Case #7: 102030405060709 91011121314151618 181920212223242527 272829303132333436 363738394041424345 454647484950515254 545556575859606163 636465666768697072 727374757677787981 818283848586878890 909192939495969799 100
Case #8: 2
Case #9: 2 20 38 56
Case #10: 2 152 302 452 602 752 902 1052 1202 1352 1502 1652 1802 1952 2102 2252 2402 2552 2702 2852 3002 3152 3302 3452 3602 3752 3902 4052 4202 4352 4502 4652 4802 4952 5102 5252 5402
Case #11: 26 1685 3344 5003 6662 8321 9980 506
Case #12: 2118409 254209010 86814
Case #13: 23 1286 2549 3812 5075 6338 380
Case #14: 6
Case #15: 4035700624 2320527858275 4637020015926 6953512173577 9270004331228 11586496488879 13902988646530 16219480804181 18535972961832 20852465119483 23168957277134 307053607648
Case #16: 669 376
Case #17: 35 3206 6377 9548 12719 15890 19061 22232 25403 28574 992
Case #18: 5100794956 3075779357915 6146457920874 9217136483833 12287815046792 15358493609751 18429172172710 21499850735669 24570529298628 27641207861587 30711886424546 33782564987505 643278
Case #19: 173703464521690 102658747532318300 205143791600114910 307628835667911520 410113879735708130 512598923803504740
Case #20: 2 76 150 224 298 372 446 520 594 668 742 816 890 964 1038 1112 1186 1260
Case #21: 2 204 406 608 810 1012 1214 1416 1618 1820 2022 2224 2426 2628 2830 3032 3234 3436 3638 3840 4042 4244 4446 4648 4850 5052 5254 5456 5658 5860 6062 6264 6466 6668 6870 7072 7274 7476 7678 7880 8082 8284 8486 8688 8890 9092 9294 9496 9698 9900
Case #22: 5399334079 3293593787630 6581788241181 9869982694732 13158177148283 16446371601834 19734566055385 23022760508936 26310954962487 29599149416038 32887343869589 36175538323140 57909544
Case #23: 28
Case #24: 55576742002714 28399715163386444 56743853584770174 85087992006153904 113432130427537634 2652
Case #25: 3721389797 740556569486 5279397
Case #26: 1 2 3 4 5
Case #27: 10204 4050608 8091012 12131416 16171820 20212224 24252628 28293032 32333436 36373840 40414244 44454648 48495052 52535456 56575860 60616264 64656668 68697072 72737476 76777880 80818284 84858688 88899092 92939496 96979900
Case #28: 5094148 1411078756 2817063364 4223047972 5629032580 7035017188 8441001796 209510349
Case #29: 2
Case #30: 7874976174 258064556
Case #31: 1 2 3 4 5 6 7 8 9 10 11 12 13 14 15 16 17 18 19 20 21 22 23 24 25 26 27 28
Case #32: 19088744 2309737968
Case #33: 152686330658692 45958585528266136 650
Case #34: 34257766 15450252052 30866246338 46282240624 61698234910 77114229196 92530223482 107946217768 123362212054 138778206340 154194200626 169610194912 32033620
Case #35: 123456790
Case #36: 1
Case #37: 9929566675303 210
Case #38: 148943500129544 15
Case #39: 1
Case #40: 6053445
Case #41: 81 18570 37059 55548 74037 92526 111015 129504 147993 166482 184971 203460 221949 240438 258927 277416 295905 314394 332883 351372 369861 388350 406839 425328 443817 462306
Case #42: 6
Case #43: 5624302961847 3295841535641838 6586058768321829 9876276001001820 13166493233681811 16456710466361802 19746927699041793 278718
Case #44: 27801941592437 20545634836810286 41063467732028135 61581300627245984 82099133522463833 102616966417681682 123134799312899531 143652632208117380 164170465103335229 6806
Case #45: 7 4
Case #46: 6053445
Case #47: 64556654597 32084657334277 64104758013957 96124858693637 128144959373317 160165060052997 192185160732677 3558813673212
Case #48: 795897 362928602 725061307 1087194012 1449326717 1811459422 2173592127 2535724832 2897857537 3259990242 3622122947 3984255652 4346388357 4708521062 5070653767 5432786472 5794919177 6157051882 8372
Case #49: 111115565405 60557983145245 121004850725085 181451718304925 241898585884765 302345453464605 362792321044445 423239188624285 1472367747
Case #50: 2 12
Case #51: 2
Case #52: 1 2 3 4 5 6 7 8 9 10 11 12 13 14 15 16 17 18 19 20 21 22 23 24 25 26 27 28 29 30 31 32 33 34 35 36 37 38 39 40 41 42 43
Case #53: 395260171 141503140910 282611021649 423718902388 564826783127 705934663866 847042544605 135148
Case #54: 1
Case #55: 6
Case #56: 1
Case #57: 18307177829 7341178309093 14664049440357 21986920571621 29309791702885 36632662834149 127398
Case #58: 320255973501902 240
Case #59: 1866
Case #60: 8865 850970 1693075 2535180
Case #61: 745475 332481430 664217385 995953340 1327689295 1659425250 1991161205 2322897160 2654633115 2986369070 3318105025 3649840980 3981576935 4313312890 4645048845 4976784800 5308520755 5640256710
Case #62: 204613708997 73865548947638 147526484186279 221187419424920 104342991
Case #63: 1 2 3 4 5 6 7 8 9 10 11 12 13 14 15 16 17 18 19 20 21 22 23 24 25 26 27 28 29 30 31 32 33 34 35 36 37 38 39 40 41 42 43 44 45 46 47 48 49 50 51 52 53 54 55 56 57 58 59 60 61 62 63 64 65 66 67 68 69 70 71 72 73 74 75 76 77 78 79 80 81 82 83 84 85 86 87 88 89 90 91 92 93 94 95 96 97 98 99 100
Case #64: 1235 56790
Case #65: 268822560488 170164680788336 340060539016184 509956397244032 679852255471880 849748113699728 1019643971927576 1189539830155424 1359435688383272 1529331546611120
Case #66: 28
Case #67: 1041397442017495 24564894046110
Case #68: 1
Case #69: 6
Case #70: 6
Case #71: 20553528848 8406393298488 16792233068128 25178072837768 33563912607408 41949752377048 6884332
Case #72: 567313019391 297839335180
Case #73: 1 2 3 4 5 6 7 8 9 10 11 12 13 14 15 16 17 18 19 20 21 22 23 24 25 26 27 28 29 30 31 32 33 34 35 36 37 38 39 40 41 42 43 44 45 46 47 48 49 50 51 52 53 54 55 56 57 58 59 60
Case #74: 103 30406 60709 91012 121315 151618 181921 212224 242527 272830 303133 333436 363739 394042 424345 454648 484951 515254 545557 575860 606163 636466 666769 697072 727375 757678 787981 818284 848587 878890 909193 939496 969799 100
Case #75: 2 112 222 332 442 552 662 772 882 992 1102 1212 1322 1432 1542 1652 1762 1872 1982 2092 2202 2312 2422 2532 2642 2752 2862
Case #76: 1
Case #77: 6
Case #78: 28
Case #79: 1068783500053 491640410024002 982212036547951 1472783663071900 1963355289595849 907517350636
Case #80: 2
Case #81: 103 3383 9
Case #82: 1
Case #83: 1 2 3
Case #84: 383837 136645642 272907447 409169252 545431057 681692862 817954667 954216472 1090478277 1226740082 1363001887 1499263692 1635525497 1771787302 5112
Case #85: 579 51459 102339 153219 204099 11086
Case #86: 2
Case #87: 1 2 3 4 5 6 7 8 9 10 11 12 13 14 15 16
Case #88: 1 2 3 4
Case #89: 1866
Case #90: 2 176 350 524 698 872 1046 1220 1394 1568 1742 1916 2090 2264 2438 2612 2786 2960 3134 3308 3482 3656 3830 4004 4178 4352 4526 4700 4874 5048 5222 5396 5570 5744 5918 6092 6266 6440 6614 6788 6962 7136 7310
Case #91: 960792060005 754221767103205 1507482742146405 2260743717189605 3014004692232805 3767265667276005 4520526642319205 5273787617362405 6027048592405605 6780309567448805 7533570542492005 8286831517535205 950598
Case #92: 623749 57384866
Case #93: 1
Case #94: 23579477 110
Case #95: 8223462376562 2360133702073129 12162609
Case #96: 1 2 3 4 5 6 7 8 9 10 11 12 13 14 15 16 17 18 19 20 21 22 23 24 25 26 27 28 29 30 31 32 33 34 35 36 37 38 39 40 41 42 43 44 45 46 47 48 49 50
Case #97: 2
Case #98: 1
Case #99: 1
Case #100: 2 140 278 416 554 692 830 968 1106 1244 1382 1520 1658 1796 1934 2072 2210 2348 2486 2624 2762 2900 3038 3176 3314 3452 3590 3728 3866 4004 4142 4280 4418 4556
