Case #1: 2
Case #2: 1
Case #3: 1 2
Case #4: 2 3
Case #5: 795897 362928602 725061307 1087194012 1449326717 1811459422 2173592127 2535724832 2897857537 3259990242 3622122947 3984255652 4346388357 4708521062 5070653767 5432786472 5794919177 6157051882 8372
Case #6: 1
Case #7: 6
Case #8: 1
Case #9: 11 230 56
Case #10: 223385 66121690 132019995 197918300 263816605 329714910 395613215 461511520 527409825 593308130 659206435 725104740
Case #11: 1 2 3
Case #12: 6564 2080488 4154412 6228336 8302260 10376184 12450108 14524032 16597956 18671880 20745804 22819728 24893652 26967576 29041500 31115424 33189348 35263272 37337196 39411120
Case #13: 77794143773 39908395755101 79738997366429 119569598977757 159400200589085 199230802200413 239061403811741 278892005423069 65
Case #14: 2
Case #15: 37490943828267 12821902789267094 800197332334560
Case #16: 79 17638 35197 52756 70315 87874 105433 122992 140551 158110 175669 193228 210787 228346 245905 263464 281023 298582 316141 333700 351259 368818 386377 403936 421495 76
Case #17: 1 2 3 4 5 6 7 8 9 10 11 12 13 14 15 16 17 18 19 20 21 22 23 24 25 26 27 28 29 30 31 32 33 34 35 36 37 38 39 40 41 42 43 44 45 46 47 48 49 50 51 52 53 54 55 56 57 58 59 60 61 62 63 64 65 66 67 68 69 70 71 72 73 74 75 76 77 78 79 80 81 82 83 84
Case #18: 8103 2860023 5711943 8563863 11415783 14267703 17119623 19971543 22823463 25675383 28527303 31379223 34231143 37083063 39934983 42786903 45638823 48490743 51342663 54194583 57046503 59898423 89
Case #19: 903461 430046986 859190511 1288334036 1717477561 2146621086 2575764611 3004908136 3434051661 3863195186 4292338711 4721482236 5150625761 5579769286 6008912811 6438056336 6867199861 7296343386 7725486911 96
Case #20: 31972664984 14099945257568 28167917850152 42235890442736 56303863035320 70371835627904 84439808220488
Case #21: 1
Case #22: 102030405060709 91011121314151618 181920212223242527 272829303132333436 363738394041424345 454647484950515254 545556575859606163 636465666768697072 727374757677787981 818283848586878890 909192939495969799 100
Case #23: 2
Case #24: 45323715237 13098553703286 26151783691335 1090937298
Case #25: 6
Case #26: 528889637573 219489199592462 438449509547351 657409819502240 876370129457129 2162
Case #27: 16269262808 6393820283216 12771371303624 19148922324032 25526473344440 31904024364848 2450
Case #28: 11376556196807 3390213746648310 393312388
Case #29: 960699 466899254 932837809 1398776364 1864714919 2330653474 2796592029 3262530584 3728469139 4194407694 4660346249 5126284804 5592223359 6058161914 6524100469 6990039024 7455977579 7921916134 8387854689 921886
Case #30: 780142688 181773246136 362766349584 604177170
Case #31: 2 184 366 548 730 912 1094 1276 1458 1640 1822 2004 2186 2368 2550 2732 2914 3096 3278 3460 3642 3824 4006 4188 4370 4552 4734 4916 5098 5280 5462 5644 5826 6008 6190 6372 6554 6736 6918 7100 7282 7464 7646 7828 8010
Case #32: 8467 3056243 6104019 9151795 12199571 15247347 18295123 21342899 24390675 27438451 30486227 33534003 36581779 39629555 42677331 45725107 48772883 51820659 54868435 57916211 60963987 64011763 736918
Case #33: 9412 3585608 7161804 10738000 14314196 17890392 21466588 25042784 28618980 32195176 35771372 39347568 42923764 46499960 50076156 53652352 57228548 60804744 64380940 67957136 71533332 75109528 78685724 82261920
Case #34: 2 168 334 500 666 832 998 1164 1330 1496 1662 1828 1994 2160 2326 2492 2658 2824 2990 3156 3322 3488 3654 3820 3986 4152 4318 4484 4650 4816 4982 5148 5314 5480 5646 5812 5978 6144 6310 6476 6642
Case #35: 1 2 3 4 5 6 7 8 9 10 11 12 13 14 15 16 17 18 19 20 21 22 23 24 25 26 27 28 29 30 31 32 33
Case #36: 57017433074093 46754295120755522 93451572808436951 140148850496118380 186846128183799809 233543405871481238 280240683559162667 326937961246844096 373635238934525525 420332516622206954 8372
Case #37: 1 2 3 4
Case #38: 155567147357 89762244024477 179368920901597 268975597778717 358582274655837 448188951532957 537795628410077 627402305287197 717008982164317 73
Case #39: 4502722 634883711 1265264700
Case #40: 1985700117 359411721078 8358
Case #41: 1
Case #42: 18307177829 7341178309093 14664049440357 21986920571621 29309791702885 36632662834149 127398
Case #43: 29391155323018 13843234157141108 27657077158959198 41470920160777288 23995122900432
Case #44: 1 2 3 4 5 6 7 8 9 10 11 12 13 14 15 16 17 18
Case #45: 60226582294 12707808863924 462
Case #46: 123456790
Case #47: 2 188 374 560 746 932 1118 1304 1490 1676 1862 2048 2234 2420 2606 2792 2978 3164 3350 3536 3722 3908 4094 4280 4466 4652 4838 5024 5210 5396 5582 5768 5954 6140 6326 6512 6698 6884 7070 7256 7442 7628 7814 8000 8186 8372
Case #48: 28
Case #49: 2
Case #50: 342392
Case #51: 30224379232245 22607835665718594 45185446952204943 67763058238691292 90340669525177641 112918280811663990 135495892098150339 158073503384636688 180651114671123037 578508
Case #52: 5664797 250107
Case #53: 10315155289473 6601699385262162 13193083615234851 19784467845207540 26375852075180229 32967236305152918 39558620535125607 46150004765098296
Case #54: 2
Case #55: 10204 4050608 8091012 12131416 16171820 20212224 24252628 28293032 32333436 36373840 40414244 44454648 48495052 52535456 56575860 60616264 64656668 68697072 72737476 76777880 80818284 84858688 88899092 92939496 96979900
Case #56: 103 30406 60709 91012 121315 151618 181921 212224 242527 272830 303133 333436 363739 394042 424345 454648 484951 515254 545557 575860 606163 636466 666769 697072 727375 757678 787981 818284 848587 878890 909193 939496 969799 100
Case #57: 1 2 3 4 5 6 7 8 9 10 11 12 13 14 15 16 17 18 19 20 21 22 23 24 25 26 27 28 29 30 31 32 33 34 35 36 37 38 39 40 41 42 43 44 45 46 47 48 49 50 51 52 53 54 55 56 57 58 59 60 61 62 63 64 65 66 67 68 69 70 71
Case #58: 1790469239057 888072742571858 1774355015904659 2660637289237460 3546919562570261 4433201835903062 3080
Case #59: 28
Case #60: 123456790
Case #61: 1 2 3 4 5 6 7 8 9 10 11 12 13 14 15 16 17 18 19 20 21 22 23 24 25 26 27 28 29 30 31 32 33 34 35 36 37 38 39 40 41 42 43 44 45 46 47 48 49 50 51 52 53 54 55 56 57 58 59 60 61 62 63 64 65 66 67 68 69 70 71 72 73 74 75 76 77 78 79 80 81 82 83 84 85 86 87 88 89 90 91 92 93 94 95 96 97 98 99 100
Case #62: 1 2 3 4 5 6 7 8 9 10 11 12 13 14 15 16 17 18 19 20 21 22 23 24 25 26 27 28 29 30 31 32 33 34 35 36 37 38
Case #63: 1447 209687 417927 626167 834407 1042647 1250887 1459127 1667367 37
Case #64: 268822560488 170164680788336 340060539016184 509956397244032 679852255471880 849748113699728 1019643971927576 1189539830155424 1359435688383272 1529331546611120
Case #65: 2 152 302 452 602 752 902 1052 1202 1352 1502 1652 1802 1952 2102 2252 2402 2552 2702 2852 3002 3152 3302 3452 3602 3752 3902 4052 4202 4352 4502 4652 4802 4952 5102 5252 5402
Case #66: 6
Case #67: 64 11413 22762 34111 45460 56809 68158 79507 90856 102205 113554 124903 136252 147601 158950 170299 181648 192997 204346 215695 61
Case #68: 259 14723 29187 2910
Case #69: 1
Case #70: 7 4
Case #71: 6507706 1919773012 3833038318 5746303624 7659568930 9572834236 11486099542 13399364848 2450
Case #72: 1
Case #73: 198150808795246 119088636085942346 237979121363089446 356869606640236546 475760091917383646 594650577194530746 61
Case #74: 148943500129544 15
Case #75: 579 51459 102339 153219 204099 11086
Case #76: 15038336683837 10165915598273218 20316792859862599 30467670121451980 40618547383041361 50769424644630742 60920301906220123 71071179167809504 32033620
Case #77: 225557475374454 137815617453790884 275405677432207314 412995737410623744 550585797389040174 688175857367456604 3782
Case #78: 36 3405 6774 10143 13512 16881 20250 23619 26988 30357 33726
Case #79: 2
Case #80: 2
Case #81: 342392
Case #82: 86 21005 41924 62843 83762 104681 125600 146519 167438 188357 209276 230195 251114 272033 292952 313871 334790 355709 376628 397547 418466 439385 460304 481223 502142 523061 543980 6806
Case #83: 2
Case #84: 6622738309 1437134212918 4588233100
Case #85: 623749 57384866
Case #86: 1235 56790
Case #87: 28
Case #88: 947656709 228385266693 455822876677 22040660860
Case #89: 1 2 3 4 5 6 7 8 9 10 11 12 13 14 15 16 17 18 19 20 21 22 23 24 25 26 27 28 29 30 31 32 33 34 35 36 37 38 39 40 41 42 43 44 45 46 47 48 49 50 51 52 53 54 55 56 57 58 59 60 61
Case #90: 1 2 3 4 5 6 7 8 9 10 11 12 13 14 15 16 17 18 19 20 21 22 23 24 25 26 27 28 29 30 31 32 33 34 35 36 37 38 39 40 41 42 43 44 45 46 47 48 49 50 51 52 53 54 55 56 57 58 59 60 61 62 63 64 65 66 67 68 69 70 71 72 73 74 75 76 77 78 79 80 81 82 83
Case #91: 1296932067758066 86814
Case #92: 6007504 1736168404 3466329304 5196490204 6926651104 8656812004 10386972904 12117133804 49
Case #93: 21505804838969 15312133045345298 30602760285851627 45893387526357956 61184014766864285 76474642007370614 91765269247876943 107055896488383272 1529331546611120
Case #94: 129793158834127 34122784
Case #95: 74734 72
Case #96: 2 12
Case #97: 1 2 3 4 5 6 7 8 9 10 11 12 13 14 15 16 17 18 19 20 21 22 23 24 25 26 27 28 29 30 31 32 33 34 35 36 37 38 39 40 41 42 43 44 45 46 47 48 49 50 51 52 53 54 55 56 57 58 59 60 61 62 63 64 65 66 67 68 69 70 71 72 73 74 75 76 77 78 79 80 81 82 83 84 85 86 87 88 89 90 91 92 93 94 95
Case #98: 2 204 406 608 810 1012 1214 1416 1618 1820 2022 2224 2426 2628 2830 3032 3234 3436 3638 3840 4042 4244 4446 4648 4850 5052 5254 5456 5658 5860 6062 6264 6466 6668 6870 7072 7274 7476 7678 7880 8082 8284 8486 8688 8890 9092 9294 9496 9698 9900
Case #99: 1
Case #100: 1
